{"uid":"daa49d6274ce89f8","name":"Verify Products","fullName":"SRC.tests.tests_ui.test_homepage.TestHomePage#test_products_displayed","historyId":"d554682218a7b195da5fa0989d92a12c","time":{"start":1758991623129,"stop":1758991623129,"duration":0},"description":"Verify that products are displayed on the home page.","descriptionHtml":"<p>Verify that products are displayed on the home page.</p>\n","status":"skipped","statusMessage":"Skipped: test_products_displayed depends on test_sorting_options","statusTrace":"('/opt/hostedtoolcache/Python/3.10.18/x64/lib/python3.10/site-packages/pytest_dependency.py', 101, 'Skipped: test_products_displayed depends on test_sorting_options')","flaky":false,"newFailed":false,"newBroken":false,"newPassed":false,"retriesCount":0,"retriesStatusChange":false,"beforeStages":[{"name":"_session_faker","time":{"start":1758991622241,"stop":1758991622242,"duration":1},"status":"passed","steps":[],"attachments":[],"parameters":[],"shouldDisplayMessage":false,"stepsCount":0,"attachmentsCount":0,"hasContent":false},{"name":"base_url","time":{"start":1758991622241,"stop":1758991622241,"duration":0},"status":"passed","steps":[],"attachments":[],"parameters":[],"shouldDisplayMessage":false,"stepsCount":0,"attachmentsCount":0,"hasContent":false},{"name":"_verify_url","time":{"start":1758991622241,"stop":1758991622241,"duration":0},"status":"passed","steps":[],"attachments":[],"parameters":[],"shouldDisplayMessage":false,"stepsCount":0,"attachmentsCount":0,"hasContent":false},{"name":"delete_output_dir","time":{"start":1758991622243,"stop":1758991622243,"duration":0},"status":"passed","steps":[],"attachments":[],"parameters":[],"shouldDisplayMessage":false,"stepsCount":0,"attachmentsCount":0,"hasContent":false},{"name":"pytestconfig","time":{"start":1758991622243,"stop":1758991622243,"duration":0},"status":"passed","steps":[],"attachments":[],"parameters":[],"shouldDisplayMessage":false,"stepsCount":0,"attachmentsCount":0,"hasContent":false},{"name":"page","time":{"start":1758991624368,"stop":1758991624414,"duration":46},"status":"passed","steps":[],"attachments":[],"parameters":[],"shouldDisplayMessage":false,"stepsCount":0,"attachmentsCount":0,"hasContent":false},{"name":"page","time":{"start":1758991624414,"stop":1758991624552,"duration":138},"status":"passed","steps":[],"attachments":[],"parameters":[],"shouldDisplayMessage":false,"stepsCount":0,"attachmentsCount":0,"hasContent":false},{"name":"setup_method","time":{"start":1758991624552,"stop":1758991629617,"duration":5065},"status":"failed","statusMessage":"AssertionError: Fill action failed for '#passwd': Page.wait_for_selector: Timeout 5000ms exceeded.\nCall log:\n  - waiting for locator(\"#passwd\") to be visible\n\n","statusTrace":"  File \"/opt/hostedtoolcache/Python/3.10.18/x64/lib/python3.10/site-packages/pluggy/_callers.py\", line 38, in run_old_style_hookwrapper\n    res = yield\n  File \"/opt/hostedtoolcache/Python/3.10.18/x64/lib/python3.10/site-packages/pluggy/_callers.py\", line 139, in _multicall\n    teardown.throw(exception)\n  File \"/opt/hostedtoolcache/Python/3.10.18/x64/lib/python3.10/site-packages/pluggy/_callers.py\", line 53, in run_old_style_hookwrapper\n    return result.get_result()\n  File \"/opt/hostedtoolcache/Python/3.10.18/x64/lib/python3.10/site-packages/pluggy/_result.py\", line 103, in get_result\n    raise exc.with_traceback(tb)\n  File \"/opt/hostedtoolcache/Python/3.10.18/x64/lib/python3.10/site-packages/pluggy/_callers.py\", line 38, in run_old_style_hookwrapper\n    res = yield\n  File \"/opt/hostedtoolcache/Python/3.10.18/x64/lib/python3.10/site-packages/pluggy/_callers.py\", line 139, in _multicall\n    teardown.throw(exception)\n  File \"/opt/hostedtoolcache/Python/3.10.18/x64/lib/python3.10/site-packages/_pytest/setuponly.py\", line 36, in pytest_fixture_setup\n    return (yield)\n  File \"/opt/hostedtoolcache/Python/3.10.18/x64/lib/python3.10/site-packages/pluggy/_callers.py\", line 121, in _multicall\n    res = hook_impl.function(*args)\n  File \"/opt/hostedtoolcache/Python/3.10.18/x64/lib/python3.10/site-packages/_pytest/fixtures.py\", line 1122, in pytest_fixture_setup\n    result = call_fixture_func(fixturefunc, request, kwargs)\n  File \"/opt/hostedtoolcache/Python/3.10.18/x64/lib/python3.10/site-packages/_pytest/fixtures.py\", line 884, in call_fixture_func\n    fixture_result = fixturefunc(**kwargs)\n  File \"/home/runner/work/SMBC-IntelliTest/SMBC-IntelliTest/SRC/tests/tests_ui/test_homepage.py\", line 27, in setup_method\n    self.login_helper.login(\n  File \"/home/runner/work/SMBC-IntelliTest/SMBC-IntelliTest/Utilities/ReportUtils/report_utils.py\", line 28, in wrapper\n    return func(*a, **kw)\n  File \"/home/runner/work/SMBC-IntelliTest/SMBC-IntelliTest/SRC/helpers/login_helper.py\", line 24, in login\n    self.login_page.enter_password(password)\n  File \"/opt/hostedtoolcache/Python/3.10.18/x64/lib/python3.10/site-packages/allure_commons/_allure.py\", line 202, in impl\n    return func(*a, **kw)\n  File \"/home/runner/work/SMBC-IntelliTest/SMBC-IntelliTest/Utilities/ReportUtils/alure_utils.py\", line 78, in wrapper\n    return func(*args, **kwargs)\n  File \"/home/runner/work/SMBC-IntelliTest/SMBC-IntelliTest/SRC/pages/login_page.py\", line 37, in enter_password\n    self.fill(self.__loc_password_input, password, description=\"password input field\")\n  File \"/home/runner/work/SMBC-IntelliTest/SMBC-IntelliTest/SRC/base/base_page.py\", line 36, in fill\n    raise AssertionError(f\"Fill action failed for '{selector}': {str(e)}\") from e\n","steps":[{"name":"Performing Login with username and password","time":{"start":1758991624553,"stop":1758991629617,"duration":5064},"status":"failed","statusMessage":"AssertionError: Fill action failed for '#passwd': Page.wait_for_selector: Timeout 5000ms exceeded.\nCall log:\n  - waiting for locator(\"#passwd\") to be visible\n\n","statusTrace":"  File \"/home/runner/work/SMBC-IntelliTest/SMBC-IntelliTest/Utilities/ReportUtils/report_utils.py\", line 28, in wrapper\n    return func(*a, **kw)\n  File \"/home/runner/work/SMBC-IntelliTest/SMBC-IntelliTest/SRC/helpers/login_helper.py\", line 24, in login\n    self.login_page.enter_password(password)\n  File \"/opt/hostedtoolcache/Python/3.10.18/x64/lib/python3.10/site-packages/allure_commons/_allure.py\", line 202, in impl\n    return func(*a, **kw)\n  File \"/home/runner/work/SMBC-IntelliTest/SMBC-IntelliTest/Utilities/ReportUtils/alure_utils.py\", line 78, in wrapper\n    return func(*args, **kwargs)\n  File \"/home/runner/work/SMBC-IntelliTest/SMBC-IntelliTest/SRC/pages/login_page.py\", line 37, in enter_password\n    self.fill(self.__loc_password_input, password, description=\"password input field\")\n  File \"/home/runner/work/SMBC-IntelliTest/SMBC-IntelliTest/SRC/base/base_page.py\", line 36, in fill\n    raise AssertionError(f\"Fill action failed for '{selector}': {str(e)}\") from e\n","steps":[{"name":"Entering username.","time":{"start":1758991624554,"stop":1758991624590,"duration":36},"status":"passed","steps":[],"attachments":[],"parameters":[{"name":"args","value":"(<SRC.pages.login_page.LoginPage object at 0x7fce2c1a7d30>, 'standard_user')"}],"shouldDisplayMessage":false,"stepsCount":0,"attachmentsCount":0,"hasContent":true},{"name":"Entering password","time":{"start":1758991624591,"stop":1758991629617,"duration":5026},"status":"failed","statusMessage":"AssertionError: Fill action failed for '#passwd': Page.wait_for_selector: Timeout 5000ms exceeded.\nCall log:\n  - waiting for locator(\"#passwd\") to be visible\n\n","statusTrace":"  File \"/opt/hostedtoolcache/Python/3.10.18/x64/lib/python3.10/site-packages/allure_commons/_allure.py\", line 202, in impl\n    return func(*a, **kw)\n  File \"/home/runner/work/SMBC-IntelliTest/SMBC-IntelliTest/Utilities/ReportUtils/alure_utils.py\", line 78, in wrapper\n    return func(*args, **kwargs)\n  File \"/home/runner/work/SMBC-IntelliTest/SMBC-IntelliTest/SRC/pages/login_page.py\", line 37, in enter_password\n    self.fill(self.__loc_password_input, password, description=\"password input field\")\n  File \"/home/runner/work/SMBC-IntelliTest/SMBC-IntelliTest/SRC/base/base_page.py\", line 36, in fill\n    raise AssertionError(f\"Fill action failed for '{selector}': {str(e)}\") from e\n","steps":[],"attachments":[],"parameters":[{"name":"args","value":"(<SRC.pages.login_page.LoginPage object at 0x7fce2c1a7d30>, 'secret_sauce')"}],"shouldDisplayMessage":true,"stepsCount":0,"attachmentsCount":0,"hasContent":true}],"attachments":[],"parameters":[],"shouldDisplayMessage":false,"stepsCount":2,"attachmentsCount":0,"hasContent":true}],"attachments":[],"parameters":[],"shouldDisplayMessage":false,"stepsCount":3,"attachmentsCount":0,"hasContent":true},{"name":"set_page","time":{"start":1758991624552,"stop":1758991624552,"duration":0},"status":"passed","steps":[],"attachments":[],"parameters":[],"shouldDisplayMessage":false,"stepsCount":0,"attachmentsCount":0,"hasContent":false}],"testStage":{"description":"Verify that products are displayed on the home page.","status":"skipped","statusMessage":"Skipped: test_products_displayed depends on test_sorting_options","statusTrace":"('/opt/hostedtoolcache/Python/3.10.18/x64/lib/python3.10/site-packages/pytest_dependency.py', 101, 'Skipped: test_products_displayed depends on test_sorting_options')","steps":[],"attachments":[{"uid":"d95fa77662540b63","name":"log","source":"d95fa77662540b63.txt","type":"text/plain","size":123}],"parameters":[],"shouldDisplayMessage":true,"stepsCount":0,"attachmentsCount":1,"hasContent":true},"afterStages":[{"name":"page::0","time":{"start":1758991629764,"stop":1758991629767,"duration":3},"status":"passed","steps":[],"attachments":[],"parameters":[],"shouldDisplayMessage":false,"stepsCount":0,"attachmentsCount":0,"hasContent":false}],"labels":[{"name":"owner","value":"swapnil"},{"name":"tag","value":"smoke"},{"name":"severity","value":"critical"},{"name":"epic","value":"SwagLabs Features"},{"name":"story","value":"Verify Products"},{"name":"feature","value":"Core Business Req"},{"name":"tag","value":"smoke"},{"name":"tag","value":"smoke"},{"name":"parentSuite","value":"SRC.tests.tests_ui"},{"name":"suite","value":"test_homepage"},{"name":"subSuite","value":"TestHomePage"},{"name":"host","value":"runnervm3ublj"},{"name":"thread","value":"2808-MainThread"},{"name":"framework","value":"pytest"},{"name":"language","value":"cpython3"},{"name":"package","value":"SRC.tests.tests_ui.test_homepage"},{"name":"resultFormat","value":"allure2"}],"parameters":[],"links":[{"name":"Jira MYS-2","url":"https://sauce1100.atlassian.net/browse/MYS-2","type":"link"}],"hidden":false,"retry":false,"extra":{"severity":"critical","owner":"swapnil","retries":[],"categories":[],"history":{"statistic":{"failed":0,"broken":0,"skipped":5,"passed":0,"unknown":0,"total":5},"items":[{"uid":"d2a5566a73879d4c","reportUrl":"https://aaryaa-infobeans.github.io/SMBC-IntelliTest/5//#testresult/d2a5566a73879d4c","status":"skipped","statusDetails":"Skipped: test_products_displayed depends on test_sorting_options","time":{"start":1758991243661,"stop":1758991243661,"duration":0}},{"uid":"ccaa6da12f4d85e7","reportUrl":"https://aaryaa-infobeans.github.io/SMBC-IntelliTest/4//#testresult/ccaa6da12f4d85e7","status":"skipped","statusDetails":"Skipped: test_products_displayed depends on test_sorting_options","time":{"start":1758990578713,"stop":1758990578713,"duration":0}},{"uid":"233f46464da1f9f3","reportUrl":"https://aaryaa-infobeans.github.io/SMBC-IntelliTest/3//#testresult/233f46464da1f9f3","status":"skipped","statusDetails":"Skipped: test_products_displayed depends on test_sorting_options","time":{"start":1758990251237,"stop":1758990251237,"duration":0}},{"uid":"52618ce58ecec80a","reportUrl":"https://aaryaa-infobeans.github.io/SMBC-IntelliTest/2//#testresult/52618ce58ecec80a","status":"skipped","statusDetails":"Skipped: test_products_displayed depends on test_sorting_options","time":{"start":1758989413858,"stop":1758989413858,"duration":0}}]},"tags":["smoke"]},"source":"daa49d6274ce89f8.json","parameterValues":[]}